make all --print-data-base --no-builtin-variables --no-builtin-rules --question
# GNU Make 4.2.1
# Built for x86_64-pc-linux-gnu
# Copyright (C) 1988-2016 Free Software Foundation, Inc.
# License GPLv3+: GNU GPL version 3 or later <http://gnu.org/licenses/gpl.html>
# This is free software: you are free to change and redistribute it.
# There is NO WARRANTY, to the extent permitted by law.

# Make data base, printed on Sat Jun 11 16:39:10 2022

# Variables

# 'override' directive
GNUMAKEFLAGS := 
# automatic
<D = $(patsubst %/,%,$(dir $<))
# automatic
?F = $(notdir $?)
# environment
PAPERSIZE = letter
# environment
DESKTOP_SESSION = ubuntu
# default
.SHELLFLAGS := -c
# environment
XDG_SESSION_CLASS = user
# environment
XDG_SESSION_TYPE = x11
# environment
VSCODE_LOG_NATIVE = false
# automatic
?D = $(patsubst %/,%,$(dir $?))
# environment
GRADLE_HOME = /opt/gradle/latest
# automatic
@D = $(patsubst %/,%,$(dir $@))
# environment
XAUTHORITY = /run/user/1000/gdm/Xauthority
# environment
GDMSESSION = ubuntu
# environment
XMODIFIERS = @im=ibus
# makefile
CURDIR := /home/wasif/all_codes/c++/contest
# makefile
SHELL = /bin/sh
# environment
VTE_VERSION = 6003
# environment
VSCODE_NLS_CONFIG = {"locale":"en-us","availableLanguages":{},"_languagePackSupport":true}
# environment
_ = /usr/bin/dbus-update-activation-environment
# environment
JOURNAL_STREAM = 8:51355
# environment
XDG_CONFIG_DIRS = /etc/xdg/xdg-ubuntu:/etc/xdg
# environment
WALLABY_PRODUCTION = true
# makefile
MAKEFILE_LIST := 
# environment
JAVA_HOME = /usr/lib/jvm/java-11-openjdk-amd64
# automatic
@F = $(notdir $@)
# environment
IM_CONFIG_PHASE = 1
# environment
USERNAME = wasif
# environment
MAKELEVEL := 0
# environment
XDG_DATA_DIRS = /usr/share/ubuntu:/usr/local/share/:/usr/share/:/var/lib/snapd/desktop
# environment
DBUS_SESSION_BUS_ADDRESS = unix:path=/run/user/1000/bus
# environment
VSCODE_VERBOSE_LOGGING = true
# environment
MANAGERPID = 4803
# environment
VSCODE_IPC_HOOK_EXTHOST = /run/user/1000/vscode-ipc-d84bc2ba-def3-45d4-87c1-e84c1c805d72.sock
# environment
LC_NAME = en_US.UTF-8
# environment
VSCODE_CWD = /home/wasif
# default
MAKE_HOST := x86_64-pc-linux-gnu
# environment
PATH = /home/wasif/.local/bin:/home/wasif/Downloads/screenFetch-master:/opt/gradle/latest/bin:/usr/local/sbin:/usr/local/bin:/usr/sbin:/usr/bin:/sbin:/bin:/usr/games:/usr/local/games:/snap/bin
# environment
GPG_AGENT_INFO = /run/user/1000/gnupg/S.gpg-agent:0:1
# environment
GJS_DEBUG_OUTPUT = stderr
# environment
SESSION_MANAGER = local/wasif:@/tmp/.ICE-unix/6316,unix/wasif:/tmp/.ICE-unix/6316
# environment
XDG_RUNTIME_DIR = /run/user/1000
# environment
XDG_MENU_PREFIX = gnome-
# environment
VSCODE_LOG_STACK = false
# environment
ELECTRON_RUN_AS_NODE = 1
# environment
INVOCATION_ID = 0ee65867e1274045aa09553935a6e639
# default
.FEATURES := target-specific order-only second-expansion else-if shortest-stem undefine oneshell archives jobserver output-sync check-symlink load
# environment
XDG_SESSION_DESKTOP = ubuntu
# environment
SSH_AUTH_SOCK = /run/user/1000/keyring/ssh
# automatic
%F = $(notdir $%)
# environment
DISPLAY = :0
# environment
VSCODE_PIPE_LOGGING = true
# environment
HOME = /home/wasif
# environment
PWD = /home/wasif/all_codes/c++/contest
# default
.LOADED := 
# environment
SSH_AGENT_PID = 6271
# environment
ORIGINAL_XDG_CURRENT_DESKTOP = ubuntu:GNOME
# environment
GTK_MODULES = gail:atk-bridge
# environment
VSCODE_AMD_ENTRYPOINT = vs/workbench/api/node/extensionHostProcess
# environment
PT6HOME = /opt/pt
# environment
VSCODE_CLI = 1
# environment
VSCODE_CODE_CACHE_PATH = /home/wasif/.config/Code/CachedData/c3511e6c69bb39013c4a4b7b9566ec1ca73fc4d5
# environment
LOGNAME = wasif
# environment
APPLICATION_INSIGHTS_NO_DIAGNOSTIC_CHANNEL = true
# automatic
+F = $(notdir $+)
# environment
ELECTRON_NO_ATTACH_CONSOLE = 1
# environment
VSCODE_HANDLES_UNCAUGHT_ERRORS = true
# environment
GNOME_DESKTOP_SESSION_ID = this-is-deprecated
# automatic
^D = $(patsubst %/,%,$(dir $^))
# environment
LC_TIME = en_US.UTF-8
# environment
COLORTERM = truecolor
# default
MAKE = $(MAKE_COMMAND)
# default
MAKECMDGOALS := all
# environment
 
make: *** No rule to make target 'all'.  Stop.

QT_IM_MODULE = ibus
# environment
QT_DEVICE_PIXEL_RATIO = auto
# environment
SHLVL = 0
# environment
GNOME_SHELL_SESSION_MODE = ubuntu
# default
MAKE_VERSION := 4.2.1
# environment
USER = wasif
# environment
LC_MONETARY = en_US.UTF-8
# makefile
.DEFAULT_GOAL := 
# environment
XDG_CURRENT_DESKTOP = Unity
# automatic
%D = $(patsubst %/,%,$(dir $%))
# environment
LC_TELEPHONE = en_US.UTF-8
# default
MAKE_COMMAND := make
# default
.VARIABLES := 
# automatic
*F = $(notdir $*)
# environment
VSCODE_IPC_HOOK = /run/user/1000/vscode-48d3c44d-1.67.2-main.sock
# makefile
MAKEFLAGS = pqrR
# environment
MFLAGS = -pqrR
# automatic
*D = $(patsubst %/,%,$(dir $*))
# environment
PT8HOME = /opt/pt
# automatic
+D = $(patsubst %/,%,$(dir $+))
# environment
GDK_BACKEND = x11
# environment
LC_PAPER = en_US.UTF-8
# environment
QT_ACCESSIBILITY = 1
# default
MAKEFILES := 
# environment
LC_NUMERIC = en_US.UTF-8
# automatic
<F = $(notdir $<)
# environment
LC_MEASUREMENT = en_US.UTF-8
# environment
LC_ALL = C
# environment
GJS_DEBUG_TOPICS = JS ERROR;JS LOG
# environment
GNOME_TERMINAL_SCREEN = /org/gnome/Terminal/screen/0a3cd2fd_6514_4346_9aa0_10cf8feebf93
# automatic
^F = $(notdir $^)
# environment
GNOME_TERMINAL_SERVICE = :1.1148
# default
SUFFIXES := 
# environment
CHROME_DESKTOP = code-url-handler.desktop
# environment
WINDOWPATH = 2
# default
.INCLUDE_DIRS = /usr/include /usr/local/include /usr/include
# environment
LC_IDENTIFICATION = en_US.UTF-8
# default
.RECIPEPREFIX := 
# environment
LC_ADDRESS = en_US.UTF-8
# environment
LANG = C
# environment
TERM = xterm-256color
# environment
VSCODE_PID = 1753741
# variable set hash-table stats:
# Load=115/1024=11%, Rehash=0, Collisions=20/137=15%

# Pattern-specific Variable Values

# No pattern-specific variable values.

# Directories

# . (device 2051, inode 11141151): 48 files, no impossibilities.

# 48 files, no impossibilities in 1 directories.

# Implicit Rules

# No implicit rules.

# Files

# Not a target:
all:
#  Command line target.
#  Implicit rule search has been done.
#  File does not exist.
#  File has not been updated.

# Not a target:
Makefile:
#  Implicit rule search has been done.
#  File does not exist.
#  File has been updated.
#  Failed to be updated.

# Not a target:
makefile:
#  Implicit rule search has been done.
#  File does not exist.
#  File has been updated.
#  Failed to be updated.

# Not a target:
.DEFAULT:
#  Implicit rule search has not been done.
#  Modification time never checked.
#  File has not been updated.

# Not a target:
GNUmakefile:
#  Implicit rule search has been done.
#  File does not exist.
#  File has been updated.
#  Failed to be updated.

# files hash-table stats:
# Load=6/1024=1%, Rehash=0, Collisions=0/15=0%
# VPATH Search Paths

# No 'vpath' search paths.

# No general ('VPATH' variable) search path.

# strcache buffers: 1 (0) / strings = 56 / storage = 755 B / avg = 13 B
# current buf: size = 8162 B / used = 755 B / count = 56 / avg = 13 B

# strcache performance: lookups = 59 / hit rate = 5%
# hash-table stats:
# Load=56/8192=1%, Rehash=0, Collisions=1/59=2%
# Finished Make data base on Sat Jun 11 16:39:10 2022

 
